生成启动时间为 2016/3/15 11:20:23。
     1>项目“C:\Users\Administrator\Desktop\HW(v-2.1)\HW(v-2.0)\HW(v-2.0).vcxproj”在节点 2 上(Build 个目标)。
     1>ClCompile:
         D:\Program Files\VS2013\VC\bin\CL.exe /c /ZI /nologo /W3 /WX- /sdl /Od /Oy- /D WIN32 /D _DEBUG /D _CONSOLE /D _LIB /D _CRT_SECURE_NO_WARNINGS /D _UNICODE /D UNICODE /Gm /EHsc /RTC1 /MDd /GS /fp:precise /Zc:wchar_t /Zc:forScope /Fo"Debug\\" /Fd"Debug\vc120.pdb" /Gd /TP /analyze- /errorReport:prompt run.cpp
         run.cpp
     1>c:\users\administrator\desktop\hw(v-2.1)\hw(v-2.0)\run.cpp(254): warning C4018: “<”: 有符号/无符号不匹配
     1>c:\users\administrator\desktop\hw(v-2.1)\hw(v-2.0)\run.cpp(256): warning C4018: “>=”: 有符号/无符号不匹配
     1>c:\users\administrator\desktop\hw(v-2.1)\hw(v-2.0)\run.cpp(258): warning C4018: “>=”: 有符号/无符号不匹配
     1>c:\users\administrator\desktop\hw(v-2.1)\hw(v-2.0)\run.cpp(263): warning C4018: “>=”: 有符号/无符号不匹配
       Link:
         D:\Program Files\VS2013\VC\bin\link.exe /ERRORREPORT:PROMPT /OUT:"C:\Users\Administrator\Desktop\HW(v-2.1)\Debug\HW(v-2.0).exe" /INCREMENTAL /NOLOGO kernel32.lib user32.lib gdi32.lib winspool.lib comdlg32.lib advapi32.lib shell32.lib ole32.lib oleaut32.lib uuid.lib odbc32.lib odbccp32.lib /MANIFEST /MANIFESTUAC:"level='asInvoker' uiAccess='false'" /manifest:embed /DEBUG /PDB:"C:\Users\Administrator\Desktop\HW(v-2.1)\Debug\HW(v-2.0).pdb" /SUBSYSTEM:CONSOLE /TLBID:1 /DYNAMICBASE /NXCOMPAT /IMPLIB:"C:\Users\Administrator\Desktop\HW(v-2.1)\Debug\HW(v-2.0).lib" /MACHINE:X86 Debug\future_net.obj
         Debug\Graph.obj
         Debug\io.obj
         Debug\Path.obj
         Debug\route.obj
         Debug\run.obj
         HW(v-2.0).vcxproj -> C:\Users\Administrator\Desktop\HW(v-2.1)\Debug\HW(v-2.0).exe
     1>已完成生成项目“C:\Users\Administrator\Desktop\HW(v-2.1)\HW(v-2.0)\HW(v-2.0).vcxproj”(Build 个目标)的操作。

生成成功。

已用时间 00:00:02.99
